# JRE version: Java(TM) SE Runtime Environment (8.0_51-b16) (build 1.8.0_51-b16)
# Java VM: Java HotSpot(TM) 64-Bit Server VM (25.51-b03 mixed mode windows-amd64 compressed oops)
Heap:
 PSYoungGen      total 290304K, used 25569K [0x00000000e0000000, 0x00000000fc300000, 0x0000000100000000)
  eden space 264704K, 0% used [0x00000000e0000000,0x00000000e0000000,0x00000000f0280000)
  from space 25600K, 99% used [0x00000000f0280000,0x00000000f1b786a0,0x00000000f1b80000)
  to   space 32768K, 0% used [0x00000000fa300000,0x00000000fa300000,0x00000000fc300000)
 ParOldGen       total 171008K, used 32996K [0x00000000a0000000, 0x00000000aa700000, 0x00000000e0000000)
  object space 171008K, 19% used [0x00000000a0000000,0x00000000a20392e0,0x00000000aa700000)
 Metaspace       used 56660K, capacity 58896K, committed 58968K, reserved 1099776K
  class space    used 7789K, capacity 8261K, committed 8280K, reserved 1048576K
GC Heap History (10 events):
Event: 15.169 GC heap after
Heap after GC invocations=5 (full 1):
 PSYoungGen      total 199680K, used 9572K [0x00000000e0000000, 0x00000000ed480000, 0x0000000100000000)
  eden space 189952K, 0% used [0x00000000e0000000,0x00000000e0000000,0x00000000eb980000)
  from space 9728K, 98% used [0x00000000ecb00000,0x00000000ed459080,0x00000000ed480000)
  to   space 10752K, 0% used [0x00000000ebf80000,0x00000000ebf80000,0x00000000eca00000)
 ParOldGen       total 111616K, used 17037K [0x00000000a0000000, 0x00000000a6d00000, 0x00000000e0000000)
  object space 111616K, 15% used [0x00000000a0000000,0x00000000a10a36a0,0x00000000a6d00000)
 Metaspace       used 34753K, capacity 35360K, committed 35416K, reserved 1079296K
  class space    used 4738K, capacity 4908K, committed 4952K, reserved 1048576K
}
Event: 15.169 GC heap before
{Heap before GC invocations=6 (full 2):
 PSYoungGen      total 199680K, used 9572K [0x00000000e0000000, 0x00000000ed480000, 0x0000000100000000)
  eden space 189952K, 0% used [0x00000000e0000000,0x00000000e0000000,0x00000000eb980000)
  from space 9728K, 98% used [0x00000000ecb00000,0x00000000ed459080,0x00000000ed480000)
  to   space 10752K, 0% used [0x00000000ebf80000,0x00000000ebf80000,0x00000000eca00000)
 ParOldGen       total 111616K, used 17037K [0x00000000a0000000, 0x00000000a6d00000, 0x00000000e0000000)
  object space 111616K, 15% used [0x00000000a0000000,0x00000000a10a36a0,0x00000000a6d00000)
 Metaspace       used 34753K, capacity 35360K, committed 35416K, reserved 1079296K
  class space    used 4738K, capacity 4908K, committed 4952K, reserved 1048576K
Event: 15.227 GC heap after
Heap after GC invocations=6 (full 2):
 PSYoungGen      total 199680K, used 0K [0x00000000e0000000, 0x00000000ed480000, 0x0000000100000000)
  eden space 189952K, 0% used [0x00000000e0000000,0x00000000e0000000,0x00000000eb980000)
  from space 9728K, 0% used [0x00000000ecb00000,0x00000000ecb00000,0x00000000ed480000)
  to   space 10752K, 0% used [0x00000000ebf80000,0x00000000ebf80000,0x00000000eca00000)
 ParOldGen       total 171008K, used 15812K [0x00000000a0000000, 0x00000000aa700000, 0x00000000e0000000)
  object space 171008K, 9% used [0x00000000a0000000,0x00000000a0f71230,0x00000000aa700000)
 Metaspace       used 34727K, capacity 35330K, committed 35416K, reserved 1079296K
  class space    used 4729K, capacity 4898K, committed 4952K, reserved 1048576K
}
Event: 17.573 GC heap before
{Heap before GC invocations=7 (full 2):
 PSYoungGen      total 199680K, used 189952K [0x00000000e0000000, 0x00000000ed480000, 0x0000000100000000)
  eden space 189952K, 100% used [0x00000000e0000000,0x00000000eb980000,0x00000000eb980000)
  from space 9728K, 0% used [0x00000000ecb00000,0x00000000ecb00000,0x00000000ed480000)
  to   space 10752K, 0% used [0x00000000ebf80000,0x00000000ebf80000,0x00000000eca00000)
 ParOldGen       total 171008K, used 15812K [0x00000000a0000000, 0x00000000aa700000, 0x00000000e0000000)
  object space 171008K, 9% used [0x00000000a0000000,0x00000000a0f71230,0x00000000aa700000)
 Metaspace       used 45899K, capacity 46890K, committed 46936K, reserved 1089536K
  class space    used 6207K, capacity 6469K, committed 6488K, reserved 1048576K
Event: 17.585 GC heap after
Heap after GC invocations=7 (full 2):
 PSYoungGen      total 206848K, used 10741K [0x00000000e0000000, 0x00000000f2e80000, 0x0000000100000000)
  eden space 196096K, 0% used [0x00000000e0000000,0x00000000e0000000,0x00000000ebf80000)
  from space 10752K, 99% used [0x00000000ebf80000,0x00000000ec9fd4e8,0x00000000eca00000)
  to   space 19456K, 0% used [0x00000000f1b80000,0x00000000f1b80000,0x00000000f2e80000)
 ParOldGen       total 171008K, used 21216K [0x00000000a0000000, 0x00000000aa700000, 0x00000000e0000000)
  object space 171008K, 12% used [0x00000000a0000000,0x00000000a14b81e8,0x00000000aa700000)
 Metaspace       used 45899K, capacity 46890K, committed 46936K, reserved 1089536K
  class space    used 6207K, capacity 6469K, committed 6488K, reserved 1048576K
}
Event: 19.642 GC heap before
{Heap before GC invocations=8 (full 2):
 PSYoungGen      total 206848K, used 206837K [0x00000000e0000000, 0x00000000f2e80000, 0x0000000100000000)
  eden space 196096K, 100% used [0x00000000e0000000,0x00000000ebf80000,0x00000000ebf80000)
  from space 10752K, 99% used [0x00000000ebf80000,0x00000000ec9fd4e8,0x00000000eca00000)
  to   space 19456K, 0% used [0x00000000f1b80000,0x00000000f1b80000,0x00000000f2e80000)
 ParOldGen       total 171008K, used 21216K [0x00000000a0000000, 0x00000000aa700000, 0x00000000e0000000)
  object space 171008K, 12% used [0x00000000a0000000,0x00000000a14b81e8,0x00000000aa700000)
 Metaspace       used 52738K, capacity 54320K, committed 54488K, reserved 1095680K
  class space    used 7265K, capacity 7608K, committed 7640K, reserved 1048576K
Event: 19.664 GC heap after
Heap after GC invocations=8 (full 2):
 PSYoungGen      total 284160K, used 19426K [0x00000000e0000000, 0x00000000f4a80000, 0x0000000100000000)
  eden space 264704K, 0% used [0x00000000e0000000,0x00000000e0000000,0x00000000f0280000)
  from space 19456K, 99% used [0x00000000f1b80000,0x00000000f2e78a98,0x00000000f2e80000)
  to   space 25600K, 0% used [0x00000000f0280000,0x00000000f0280000,0x00000000f1b80000)
 ParOldGen       total 171008K, used 26973K [0x00000000a0000000, 0x00000000aa700000, 0x00000000e0000000)
  object space 171008K, 15% used [0x00000000a0000000,0x00000000a1a57438,0x00000000aa700000)
 Metaspace       used 52738K, capacity 54320K, committed 54488K, reserved 1095680K
  class space    used 7265K, capacity 7608K, committed 7640K, reserved 1048576K
}
Event: 22.274 GC heap before
{Heap before GC invocations=9 (full 2):
 PSYoungGen      total 284160K, used 154344K [0x00000000e0000000, 0x00000000f4a80000, 0x0000000100000000)
  eden space 264704K, 50% used [0x00000000e0000000,0x00000000e83c17b0,0x00000000f0280000)
  from space 19456K, 99% used [0x00000000f1b80000,0x00000000f2e78a98,0x00000000f2e80000)
  to   space 25600K, 0% used [0x00000000f0280000,0x00000000f0280000,0x00000000f1b80000)
 ParOldGen       total 171008K, used 26973K [0x00000000a0000000, 0x00000000aa700000, 0x00000000e0000000)
  object space 171008K, 15% used [0x00000000a0000000,0x00000000a1a57438,0x00000000aa700000)
 Metaspace       used 56660K, capacity 58896K, committed 58968K, reserved 1099776K
  class space    used 7789K, capacity 8261K, committed 8280K, reserved 1048576K
Event: 22.305 GC heap after
Heap after GC invocations=9 (full 2):
 PSYoungGen      total 290304K, used 25569K [0x00000000e0000000, 0x00000000fc300000, 0x0000000100000000)
  eden space 264704K, 0% used [0x00000000e0000000,0x00000000e0000000,0x00000000f0280000)
  from space 25600K, 99% used [0x00000000f0280000,0x00000000f1b786a0,0x00000000f1b80000)
  to   space 32768K, 0% used [0x00000000fa300000,0x00000000fa300000,0x00000000fc300000)
 ParOldGen       total 171008K, used 32996K [0x00000000a0000000, 0x00000000aa700000, 0x00000000e0000000)
  object space 171008K, 19% used [0x00000000a0000000,0x00000000a20392e0,0x00000000aa700000)
 Metaspace       used 56660K, capacity 58896K, committed 58968K, reserved 1099776K
  class space    used 7789K, capacity 8261K, committed 8280K, reserved 1048576K
}
Event: 22.305 GC heap before
{Heap before GC invocations=10 (full 3):
 PSYoungGen      total 290304K, used 25569K [0x00000000e0000000, 0x00000000fc300000, 0x0000000100000000)
  eden space 264704K, 0% used [0x00000000e0000000,0x00000000e0000000,0x00000000f0280000)
  from space 25600K, 99% used [0x00000000f0280000,0x00000000f1b786a0,0x00000000f1b80000)
  to   space 32768K, 0% used [0x00000000fa300000,0x00000000fa300000,0x00000000fc300000)
 ParOldGen       total 171008K, used 32996K [0x00000000a0000000, 0x00000000aa700000, 0x00000000e0000000)
  object space 171008K, 19% used [0x00000000a0000000,0x00000000a20392e0,0x00000000aa700000)
 Metaspace       used 56660K, capacity 58896K, committed 58968K, reserved 1099776K
  class space    used 7789K, capacity 8261K, committed 8280K, reserved 1048576K

